0 info it worked if it ends with ok
1 verbose cli [ 'C:\\Program Files\\nodejs\\node.exe',
1 verbose cli   'C:\\Users\\hf27381849\\AppData\\Roaming\\npm\\node_modules\\npm\\bin\\npm-cli.js',
1 verbose cli   'run',
1 verbose cli   'node' ]
2 info using npm@3.10.8
3 info using node@v4.6.0
4 verbose run-script [ 'prenode', 'node', 'postnode' ]
5 info lifecycle api@1.0.0~prenode: api@1.0.0
6 silly lifecycle api@1.0.0~prenode: no script for prenode, continuing
7 info lifecycle api@1.0.0~node: api@1.0.0
8 verbose lifecycle api@1.0.0~node: unsafe-perm in lifecycle true
9 verbose lifecycle api@1.0.0~node: PATH: C:\Users\hf27381849\AppData\Roaming\npm\node_modules\npm\bin\node-gyp-bin;D:\development\andes\api\node_modules\.bin;C:\Users\hf27381849\AppData\Roaming\npm\node_modules\npm\bin\node-gyp-bin;D:\development\andes\api\node_modules\.bin;C:\Program Files\ConEmu\ConEmu\Scripts;C:\Program Files\ConEmu;C:\Program Files\ConEmu\ConEmu;C:\Python27\;C:\Python27\Scripts;C:\ProgramData\Oracle\Java\javapath;C:\Program Files (x86)\Intel\iCLS Client\;C:\Program Files\Intel\iCLS Client\;C:\Windows\system32;C:\Windows;C:\Windows\System32\Wbem;C:\Windows\System32\WindowsPowerShell\v1.0\;C:\Program Files\Intel\Intel(R) Management Engine Components\DAL;C:\Program Files\Intel\Intel(R) Management Engine Components\IPT;C:\Program Files (x86)\Intel\Intel(R) Management Engine Components\DAL;C:\Program Files (x86)\Intel\Intel(R) Management Engine Components\IPT;C:\Program Files\Microsoft SQL Server\110\DTS\Binn\;C:\Program Files (x86)\Microsoft SQL Server\110\Tools\Binn\;C:\Program Files\Microsoft SQL Server\110\Tools\Binn\;C:\Program Files (x86)\Microsoft SQL Server\110\Tools\Binn\ManagementStudio\;C:\Program Files (x86)\Microsoft Visual Studio 10.0\Common7\IDE\PrivateAssemblies\;C:\Program Files (x86)\Microsoft SQL Server\110\DTS\Binn\;C:\Program Files (x86)\Windows Kits\8.1\Windows Performance Toolkit\;C:\Program Files\TortoiseGit\bin;C:\Windows\idmu\common;C:\Windows\system32\config\systemprofile\.dnx\bin;C:\Program Files\Microsoft DNX\Dnvm\;C:\Program Files\Microsoft SQL Server\120\Tools\Binn\;C:\Program Files\Microsoft SQL Server\Client SDK\ODBC\110\Tools\Binn\;C:\Program Files (x86)\Microsoft SQL Server\120\Tools\Binn\ManagementStudio\;C:\Program Files (x86)\Microsoft SQL Server\120\Tools\Binn\;C:\Program Files (x86)\Microsoft SQL Server\120\DTS\Binn\;C:\Program Files\MongoDB\Server\3.2\bin;C:\Program Files (x86)\Microsoft SDKs\TypeScript\1.5\;C:\Program Files\nodejs\;C:\Program Files (x86)\Heroku\bin;C:\Program Files (x86)\git\cmd;C:\Program Files (x86)\Git\cmd;C:\RailsInstaller\Git\cmd;C:\RailsInstaller\Ruby2.2.0\bin;C:\Users\hf27381849\.dnx\bin;C:\Program Files (x86)\Nmap;C:\Program Files (x86)\Microsoft VS Code\bin;C:\Users\hf27381849\AppData\Local\atom\bin;C:\Program Files (x86)\Git\cmd;C:\Program Files\MongoDB\Server\3.2\bin;C:\Users\hf27381849\.babun;C:\Users\hf27381849\AppData\Roaming\npm
10 verbose lifecycle api@1.0.0~node: CWD: D:\development\andes\api
11 silly lifecycle api@1.0.0~node: Args: [ '/d /s /c', 'node ./index.js' ]
12 silly lifecycle api@1.0.0~node: Returned: code: 1  signal: null
13 info lifecycle api@1.0.0~node: Failed to exec node script
14 verbose stack Error: api@1.0.0 node: `node ./index.js`
14 verbose stack Exit status 1
14 verbose stack     at EventEmitter.<anonymous> (C:\Users\hf27381849\AppData\Roaming\npm\node_modules\npm\lib\utils\lifecycle.js:255:16)
14 verbose stack     at emitTwo (events.js:87:13)
14 verbose stack     at EventEmitter.emit (events.js:172:7)
14 verbose stack     at ChildProcess.<anonymous> (C:\Users\hf27381849\AppData\Roaming\npm\node_modules\npm\lib\utils\spawn.js:40:14)
14 verbose stack     at emitTwo (events.js:87:13)
14 verbose stack     at ChildProcess.emit (events.js:172:7)
14 verbose stack     at maybeClose (internal/child_process.js:829:16)
14 verbose stack     at Process.ChildProcess._handle.onexit (internal/child_process.js:211:5)
15 verbose pkgid api@1.0.0
16 verbose cwd D:\development\andes\api
17 error Windows_NT 6.3.9600
18 error argv "C:\\Program Files\\nodejs\\node.exe" "C:\\Users\\hf27381849\\AppData\\Roaming\\npm\\node_modules\\npm\\bin\\npm-cli.js" "run" "node"
19 error node v4.6.0
20 error npm  v3.10.8
21 error code ELIFECYCLE
22 error api@1.0.0 node: `node ./index.js`
22 error Exit status 1
23 error Failed at the api@1.0.0 node script 'node ./index.js'.
23 error Make sure you have the latest version of node.js and npm installed.
23 error If you do, this is most likely a problem with the api package,
23 error not with npm itself.
23 error Tell the author that this fails on your system:
23 error     node ./index.js
23 error You can get information on how to open an issue for this project with:
23 error     npm bugs api
23 error Or if that isn't available, you can get their info via:
23 error     npm owner ls api
23 error There is likely additional logging output above.
24 verbose exit [ 1, true ]
